DiscoveryOne language driver. Test-harness CLI; see docs/design.md.

AI CODING AGENT INSTRUCTIONS:

Use d1 as the stable command-line surface for regression tests.
Prefer reg-rs fixtures under work/reg-rs when adding behavior.
Subcommands other than lex are scaffolded and may exit with
"not yet implemented" until their milestone lands.


Usage: d1 <COMMAND>

Commands:
  lex             Dump the token stream for FILE (one token per line)
  parse           Dump the AST for FILE as a deterministic s-expression
  face            Project FILE onto FACE; print the 2D token grid
  check           Run the facet checker over FILE
  lower           Print the stack IR for FILE
  emit-wasm       Emit FILE as a .wasm module
  run             Execute FILE via the WASM runtime (wasmtime)
  interp          Execute FILE via the reference interpreter
  normalize       Round-trip FILE between layered text and JSON
  facet-snapshot  Render FACE of FILE as deterministic ASCII (for reg-rs)

Options:
  -h, --help
          Print help (see a summary with '-h')

  -V, --version
          Print version
