{
  "definition": "Power",
  "symbol_count": 54,
  "symbols": [
    {"text":"n","face":"Front","x":0,"y":0,"z":0},
    {"text":"e","face":"Front","x":2,"y":0,"z":0},
    {"text":"->","face":"Front","x":4,"y":0,"z":0},
    {"text":"p","face":"Front","x":7,"y":0,"z":0},
    {"text":"p","face":"Front","x":0,"y":1,"z":0},
    {"text":"<-","face":"Front","x":2,"y":1,"z":0},
    {"text":"1","face":"Front","x":5,"y":1,"z":0},
    {"text":"loop","face":"Front","x":0,"y":2,"z":0},
    {"text":"e","face":"Front","x":5,"y":2,"z":0},
    {"text":"times:","face":"Front","x":7,"y":2,"z":0},
    {"text":"p","face":"Front","x":14,"y":2,"z":0},
    {"text":"<-","face":"Front","x":16,"y":2,"z":0},
    {"text":"p","face":"Front","x":19,"y":2,"z":0},
    {"text":"*","face":"Front","x":21,"y":2,"z":0},
    {"text":"n","face":"Front","x":23,"y":2,"z":0},
    {"text":"n","face":"Left","x":0,"y":0,"z":0},
    {"text":":","face":"Left","x":2,"y":0,"z":0},
    {"text":"Int","face":"Left","x":4,"y":0,"z":0},
    {"text":"e","face":"Left","x":0,"y":1,"z":0},
    {"text":":","face":"Left","x":2,"y":1,"z":0},
    {"text":"Int","face":"Left","x":4,"y":1,"z":0},
    {"text":"p","face":"Right","x":0,"y":0,"z":0},
    {"text":":","face":"Right","x":2,"y":0,"z":0},
    {"text":"Int","face":"Right","x":4,"y":0,"z":0},
    {"text":"e","face":"Top","x":0,"y":0,"z":0},
    {"text":">=","face":"Top","x":2,"y":0,"z":0},
    {"text":"0","face":"Top","x":5,"y":0,"z":0},
    {"text":"p","face":"Bottom","x":0,"y":0,"z":0},
    {"text":"==","face":"Bottom","x":2,"y":0,"z":0},
    {"text":"n^e","face":"Bottom","x":5,"y":0,"z":0},
    {"text":"(regenerated;","face":"Rear","x":0,"y":0,"z":0},
    {"text":"do","face":"Rear","x":14,"y":0,"z":0},
    {"text":"not","face":"Rear","x":17,"y":0,"z":0},
    {"text":"hand-edit)","face":"Rear","x":21,"y":0,"z":0},
    {"text":"p","face":"Internal","x":0,"y":0,"z":0},
    {"text":"<-","face":"Internal","x":2,"y":0,"z":0},
    {"text":"1","face":"Internal","x":5,"y":0,"z":0},
    {"text":"counter","face":"Internal","x":0,"y":0,"z":1},
    {"text":"<-","face":"Internal","x":8,"y":0,"z":1},
    {"text":"0","face":"Internal","x":11,"y":0,"z":1},
    {"text":"while","face":"Internal","x":0,"y":0,"z":2},
    {"text":"counter","face":"Internal","x":6,"y":0,"z":2},
    {"text":"<","face":"Internal","x":14,"y":0,"z":2},
    {"text":"e:","face":"Internal","x":16,"y":0,"z":2},
    {"text":"p","face":"Internal","x":0,"y":1,"z":2},
    {"text":"<-","face":"Internal","x":2,"y":1,"z":2},
    {"text":"p","face":"Internal","x":5,"y":1,"z":2},
    {"text":"*","face":"Internal","x":7,"y":1,"z":2},
    {"text":"n","face":"Internal","x":9,"y":1,"z":2},
    {"text":"counter","face":"Internal","x":0,"y":2,"z":2},
    {"text":"<-","face":"Internal","x":8,"y":2,"z":2},
    {"text":"counter","face":"Internal","x":11,"y":2,"z":2},
    {"text":"+","face":"Internal","x":19,"y":2,"z":2},
    {"text":"1","face":"Internal","x":21,"y":2,"z":2}
  ]
}
