<main class="app">
  <header class="topbar">
    <h1>DiscoveryOne</h1>
    <label class="definition-picker"><span>Definition</span><select aria-label="Definition"><option value="Power">Power</option></select></label>
    <nav class="face-selector" aria-label="Face">
      <button type="button" class="face-button selected" aria-pressed="true">Front</button>
      <button type="button" class="face-button" aria-pressed="false">Left</button>
      <button type="button" class="face-button" aria-pressed="false">Right</button>
      <button type="button" class="face-button" aria-pressed="false">Top</button>
      <button type="button" class="face-button" aria-pressed="false">Bottom</button>
      <button type="button" class="face-button" aria-pressed="false">Rear</button>
    </nav>
  </header>
  <section class="workspace">
    <article class="facet-view" data-definition="Power" data-face="front">
      <header class="facet-header"><span>Power</span><strong>Front</strong></header>
      <pre class="facet-grid" aria-label="Power Front facet">n e -> p
p <- 1
loop e times: p <- p * n</pre>
    </article>
  </section>
</main>
